<?xml version="1.0" encoding="utf-8"?><testsuites><testsuite name="pytest" errors="0" failures="0" skipped="0" tests="1" time="0.726" timestamp="2025-09-10T09:07:49.320163" hostname="DG5BP4W2"><testcase classname="test_chunk_sequence" name="test_chunk_sequence" file="test_chunk_sequence.py" line="3" time="0.004" /></testsuite></testsuites>