<?xml version="1.0" encoding="utf-8"?><testsuites><testsuite name="pytest" errors="0" failures="0" skipped="0" tests="2" time="0.763" timestamp="2025-09-10T10:52:38.540090" hostname="DG5BP4W2"><testcase classname="test_DNA2Prot" name="test_DNA2Prot" file="test_DNA2Prot.py" line="3" time="0.002" /><testcase classname="test_chunk_sequence" name="test_chunk_sequence" file="test_chunk_sequence.py" line="3" time="0.001" /></testsuite></testsuites>